app/build/intermediates/manifest_merge_blame_file/debug/manifest-merger-blame-debug-report.txt
1<?xml version="1.0" encoding="utf-8"?>
2<manifest xmlns:android="http://schemas.android.com/apk/res/android"
3    package="com.bluescreen.citizenapp"
4    android:versionCode="1"
5    android:versionName="1.0" >
6
7    <uses-sdk
8        android:minSdkVersion="21"
8-->src\main\AndroidManifest.xml
9        android:targetSdkVersion="29" />
9-->src\main\AndroidManifest.xml
10
11    <uses-permission android:name="android.permission.INTERNET" />
11-->src\main\AndroidManifest.xml:5:5-67
11-->src\main\AndroidManifest.xml:5:22-64
12    <uses-permission android:name="android.permission.READ_EXTERNAL_STORAGE" />
12-->src\main\AndroidManifest.xml:6:5-80
12-->src\main\AndroidManifest.xml:6:22-77
13    <uses-permission android:name="android.permission.WRITE_EXTERNAL_STORAGE" />
13-->src\main\AndroidManifest.xml:7:5-81
13-->src\main\AndroidManifest.xml:7:22-78
14
15    <uses-feature android:glEsVersion="0x00020000" />
15-->[:mobilertc] AndroidManifest.xml:11:5-54
15-->[:mobilertc] AndroidManifest.xml:11:19-51
16    <uses-feature
16-->[:mobilertc] AndroidManifest.xml:12:5-14:36
17        android:name="android.hardware.camera"
17-->[:mobilertc] AndroidManifest.xml:13:9-47
18        android:required="false" />
18-->[:mobilertc] AndroidManifest.xml:14:9-33
19    <uses-feature
19-->[:mobilertc] AndroidManifest.xml:15:5-17:36
20        android:name="android.hardware.camera.autofocus"
20-->[:mobilertc] AndroidManifest.xml:16:9-57
21        android:required="false" />
21-->[:mobilertc] AndroidManifest.xml:17:9-33
22    <uses-feature
22-->[:mobilertc] AndroidManifest.xml:18:5-20:36
23        android:name="android.hardware.telephony"
23-->[:mobilertc] AndroidManifest.xml:19:9-50
24        android:required="false" />
24-->[:mobilertc] AndroidManifest.xml:20:9-33
25    <uses-feature
25-->[:mobilertc] AndroidManifest.xml:21:5-23:36
26        android:name="android.hardware.bluetooth"
26-->[:mobilertc] AndroidManifest.xml:22:9-50
27        android:required="false" />
27-->[:mobilertc] AndroidManifest.xml:23:9-33
28    <uses-feature
28-->[:mobilertc] AndroidManifest.xml:24:5-26:36
29        android:name="android.hardware.microphone"
29-->[:mobilertc] AndroidManifest.xml:25:9-51
30        android:required="false" />
30-->[:mobilertc] AndroidManifest.xml:26:9-33
31
32    <uses-permission android:name="android.permission.READ_PHONE_STATE" />
32-->[:mobilertc] AndroidManifest.xml:30:5-75
32-->[:mobilertc] AndroidManifest.xml:30:22-72
33    <uses-permission android:name="android.permission.ACCESS_NETWORK_STATE" />
33-->[:mobilertc] AndroidManifest.xml:31:5-79
33-->[:mobilertc] AndroidManifest.xml:31:22-76
34    <uses-permission android:name="android.permission.ACCESS_WIFI_STATE" />
34-->[:mobilertc] AndroidManifest.xml:32:5-76
34-->[:mobilertc] AndroidManifest.xml:32:22-73
35    <uses-permission android:name="android.permission.MODIFY_AUDIO_SETTINGS" />
35-->[:mobilertc] AndroidManifest.xml:33:5-80
35-->[:mobilertc] AndroidManifest.xml:33:22-77
36    <uses-permission android:name="android.permission.RECORD_AUDIO" />
36-->[:mobilertc] AndroidManifest.xml:34:5-71
36-->[:mobilertc] AndroidManifest.xml:34:22-68
37    <uses-permission android:name="android.permission.CAMERA" />
37-->[:mobilertc] AndroidManifest.xml:35:5-65
37-->[:mobilertc] AndroidManifest.xml:35:22-62
38    <uses-permission android:name="android.permission.BLUETOOTH" />
38-->[:mobilertc] AndroidManifest.xml:36:5-68
38-->[:mobilertc] AndroidManifest.xml:36:22-65
39    <uses-permission android:name="android.permission.BLUETOOTH_ADMIN" />
39-->[:mobilertc] AndroidManifest.xml:37:5-74
39-->[:mobilertc] AndroidManifest.xml:37:22-71
40    <uses-permission android:name="android.permission.BROADCAST_STICKY" />
40-->[:mobilertc] AndroidManifest.xml:38:5-75
40-->[:mobilertc] AndroidManifest.xml:38:22-72
41    <uses-permission android:name="android.permission.WAKE_LOCK" />
41-->[:mobilertc] AndroidManifest.xml:39:5-68
41-->[:mobilertc] AndroidManifest.xml:39:22-65
42    <uses-permission android:name="android.permission.CALL_PHONE" />
42-->[:mobilertc] AndroidManifest.xml:40:5-69
42-->[:mobilertc] AndroidManifest.xml:40:22-66
43    <uses-permission android:name="android.permission.SYSTEM_ALERT_WINDOW" />
43-->[:mobilertc] AndroidManifest.xml:41:5-78
43-->[:mobilertc] AndroidManifest.xml:41:22-75
44    <uses-permission android:name="android.permission.FOREGROUND_SERVICE" />
44-->[:mobilertc] AndroidManifest.xml:42:5-77
44-->[:mobilertc] AndroidManifest.xml:42:22-74
45    <uses-permission android:name="com.google.android.finsky.permission.BIND_GET_INSTALL_REFERRER_SERVICE" /> <!-- Required by older versions of Google Play services to create IID tokens -->
45-->[com.google.android.gms:play-services-measurement:17.3.0] AndroidManifest.xml:26:5-110
45-->[com.google.android.gms:play-services-measurement:17.3.0] AndroidManifest.xml:26:22-107
46    <uses-permission android:name="com.google.android.c2dm.permission.RECEIVE" />
46-->[com.google.firebase:firebase-iid:20.0.2] AndroidManifest.xml:26:5-82
46-->[com.google.firebase:firebase-iid:20.0.2] AndroidManifest.xml:26:22-79
47
48    <application
48-->src\main\AndroidManifest.xml:9:5-49:19
49        android:allowBackup="true"
49-->src\main\AndroidManifest.xml:10:9-35
50        android:appComponentFactory="androidx.core.app.CoreComponentFactory"
50-->[androidx.core:core:1.1.0] AndroidManifest.xml:24:18-86
51        android:debuggable="true"
52        android:icon="@drawable/logo4"
52-->src\main\AndroidManifest.xml:11:9-39
53        android:label="@string/app_name"
53-->src\main\AndroidManifest.xml:12:9-41
54        android:roundIcon="@drawable/logo4"
54-->src\main\AndroidManifest.xml:13:9-44
55        android:supportsRtl="true"
55-->src\main\AndroidManifest.xml:14:9-35
56        android:testOnly="true"
57        android:theme="@style/AppTheme"
57-->src\main\AndroidManifest.xml:15:9-40
58        android:usesCleartextTraffic="true" >
58-->src\main\AndroidManifest.xml:16:9-44
59        <activity android:name="com.bluescreen.citizenapp.Apoderados.Apoderadologin" />
59-->src\main\AndroidManifest.xml:17:9-72
59-->src\main\AndroidManifest.xml:17:19-60
60        <activity android:name="com.bluescreen.citizenapp.PrincipalApoderado" />
60-->src\main\AndroidManifest.xml:18:9-56
60-->src\main\AndroidManifest.xml:18:19-53
61        <activity android:name="com.bluescreen.citizenapp.DetallesArchivos.DetallesArchivo" />
61-->src\main\AndroidManifest.xml:19:9-70
61-->src\main\AndroidManifest.xml:19:19-67
62        <activity
62-->src\main\AndroidManifest.xml:20:9-23:59
63            android:name="com.bluescreen.citizenapp.Administrador.AdministradorPrincipal"
63-->src\main\AndroidManifest.xml:21:13-65
64            android:label="@string/title_activity_administrador_principal"
64-->src\main\AndroidManifest.xml:22:13-75
65            android:theme="@style/AppTheme.NoActionBar" />
65-->src\main\AndroidManifest.xml:23:13-56
66        <activity
66-->src\main\AndroidManifest.xml:24:9-27:59
67            android:name="com.bluescreen.citizenapp.ProfeInicioActivity"
67-->src\main\AndroidManifest.xml:25:13-48
68            android:label="@string/title_activity_profe_inicio"
68-->src\main\AndroidManifest.xml:26:13-64
69            android:theme="@style/AppTheme.NoActionBar" />
69-->src\main\AndroidManifest.xml:27:13-56
70        <activity android:name="com.bluescreen.citizenapp.Profe.Registerprueba" />
70-->src\main\AndroidManifest.xml:28:9-58
70-->src\main\AndroidManifest.xml:28:19-55
71        <activity android:name="com.bluescreen.citizenapp.Profe.Profeactivity" />
71-->src\main\AndroidManifest.xml:29:9-57
71-->src\main\AndroidManifest.xml:29:19-54
72        <activity android:name="com.bluescreen.citizenapp.agendaslocales.AgregarRecordatorioActivity" />
72-->src\main\AndroidManifest.xml:30:9-89
72-->src\main\AndroidManifest.xml:30:19-77
73        <activity android:name="com.bluescreen.citizenapp.agendaslocales.VerRecordatorioActivity" />
73-->src\main\AndroidManifest.xml:31:9-76
73-->src\main\AndroidManifest.xml:31:19-73
74        <activity
74-->src\main\AndroidManifest.xml:32:9-35:59
75            android:name="com.bluescreen.citizenapp.ui.desafiosTabbedFragment"
75-->src\main\AndroidManifest.xml:33:13-54
76            android:label="@string/title_activity_desafios_tabbed_fragment"
76-->src\main\AndroidManifest.xml:34:13-76
77            android:theme="@style/AppTheme.NoActionBar" />
77-->src\main\AndroidManifest.xml:35:13-56
78        <activity
78-->src\main\AndroidManifest.xml:36:9-39:59
79            android:name="com.bluescreen.citizenapp.InicioActivity"
79-->src\main\AndroidManifest.xml:37:13-43
80            android:label="@string/title_activity_inicio"
80-->src\main\AndroidManifest.xml:38:13-58
81            android:theme="@style/AppTheme.NoActionBar" />
81-->src\main\AndroidManifest.xml:39:13-56
82        <activity android:name="com.bluescreen.citizenapp.RegisterActivity" />
82-->src\main\AndroidManifest.xml:40:9-54
82-->src\main\AndroidManifest.xml:40:19-51
83        <activity android:name="com.bluescreen.citizenapp.MainActivity" >
83-->src\main\AndroidManifest.xml:41:9-47:20
83-->src\main\AndroidManifest.xml:41:19-47
84            <intent-filter>
84-->src\main\AndroidManifest.xml:42:13-46:29
85                <action android:name="android.intent.action.MAIN" />
85-->src\main\AndroidManifest.xml:43:17-69
85-->src\main\AndroidManifest.xml:43:25-66
86
87                <category android:name="android.intent.category.LAUNCHER" />
87-->src\main\AndroidManifest.xml:45:17-77
87-->src\main\AndroidManifest.xml:45:27-74
88            </intent-filter>
89        </activity>
90        <activity android:name="com.bluescreen.citizenapp.LoginActivity" />
90-->src\main\AndroidManifest.xml:48:9-51
90-->src\main\AndroidManifest.xml:48:19-48
91        <activity
91-->[:mobilertc] AndroidManifest.xml:45:9-49:58
92            android:name="com.zipow.videobox.JoinByURLActivity"
92-->[:mobilertc] AndroidManifest.xml:46:13-64
93            android:configChanges="orientation|screenSize"
93-->[:mobilertc] AndroidManifest.xml:47:13-59
94            android:launchMode="singleTask"
94-->[:mobilertc] AndroidManifest.xml:48:13-44
95            android:theme="@style/ZMTheme.Transparent" />
95-->[:mobilertc] AndroidManifest.xml:49:13-55
96        <activity
96-->[:mobilertc] AndroidManifest.xml:50:9-54:58
97            android:name="com.zipow.videobox.IntegrationActivity"
97-->[:mobilertc] AndroidManifest.xml:51:13-66
98            android:configChanges="orientation|screenSize"
98-->[:mobilertc] AndroidManifest.xml:52:13-59
99            android:launchMode="singleTask"
99-->[:mobilertc] AndroidManifest.xml:53:13-44
100            android:theme="@style/ZMTheme.Transparent" />
100-->[:mobilertc] AndroidManifest.xml:54:13-55
101        <activity
101-->[:mobilertc] AndroidManifest.xml:55:9-58:59
102            android:name="com.zipow.videobox.MeetingEndMessageActivity"
102-->[:mobilertc] AndroidManifest.xml:56:13-72
103            android:configChanges="orientation|screenSize"
103-->[:mobilertc] AndroidManifest.xml:57:13-59
104            android:theme="@style/ZMDialog.Transparent" />
104-->[:mobilertc] AndroidManifest.xml:58:13-56
105        <activity
105-->[:mobilertc] AndroidManifest.xml:59:9-63:59
106            android:name="com.zipow.videobox.JoinMeetingFailActivity"
106-->[:mobilertc] AndroidManifest.xml:60:13-70
107            android:configChanges="orientation|screenSize|smallestScreenSize|layoutDirection|screenLayout|keyboardHidden|uiMode"
107-->[:mobilertc] AndroidManifest.xml:61:13-129
108            android:launchMode="singleTask"
108-->[:mobilertc] AndroidManifest.xml:62:13-44
109            android:theme="@style/ZMDialog.Transparent" />
109-->[:mobilertc] AndroidManifest.xml:63:13-56
110        <activity
110-->[:mobilertc] AndroidManifest.xml:64:9-68:56
111            android:name="com.zipow.videobox.ConfActivityNormal"
111-->[:mobilertc] AndroidManifest.xml:65:13-65
112            android:configChanges="orientation|screenSize"
112-->[:mobilertc] AndroidManifest.xml:66:13-59
113            android:hardwareAccelerated="false"
113-->[:mobilertc] AndroidManifest.xml:67:13-48
114            android:theme="@style/ZMTheme.SubWindow" />
114-->[:mobilertc] AndroidManifest.xml:68:13-53
115        <activity
115-->[:mobilertc] AndroidManifest.xml:69:9-73:56
116            android:name="com.zipow.videobox.PListActivity"
116-->[:mobilertc] AndroidManifest.xml:70:13-60
117            android:configChanges="orientation|screenSize"
117-->[:mobilertc] AndroidManifest.xml:71:13-59
118            android:hardwareAccelerated="false"
118-->[:mobilertc] AndroidManifest.xml:72:13-48
119            android:theme="@style/ZMTheme.SubWindow" />
119-->[:mobilertc] AndroidManifest.xml:73:13-53
120        <activity
120-->[:mobilertc] AndroidManifest.xml:74:9-78:56
121            android:name="com.zipow.videobox.InMeetingSettingsActivity"
121-->[:mobilertc] AndroidManifest.xml:75:13-72
122            android:configChanges="orientation|screenSize"
122-->[:mobilertc] AndroidManifest.xml:76:13-59
123            android:hardwareAccelerated="false"
123-->[:mobilertc] AndroidManifest.xml:77:13-48
124            android:theme="@style/ZMTheme.SubWindow" />
124-->[:mobilertc] AndroidManifest.xml:78:13-53
125        <activity
125-->[:mobilertc] AndroidManifest.xml:79:9-82:56
126            android:name="com.zipow.videobox.ConfChatActivityOld"
126-->[:mobilertc] AndroidManifest.xml:80:13-66
127            android:configChanges="orientation|screenSize"
127-->[:mobilertc] AndroidManifest.xml:81:13-59
128            android:theme="@style/ZMTheme.SubWindow" />
128-->[:mobilertc] AndroidManifest.xml:82:13-53
129        <activity
129-->[:mobilertc] AndroidManifest.xml:83:9-86:56
130            android:name="com.zipow.videobox.MeetingRunningInfoActivity"
130-->[:mobilertc] AndroidManifest.xml:84:13-73
131            android:configChanges="orientation|screenSize"
131-->[:mobilertc] AndroidManifest.xml:85:13-59
132            android:theme="@style/ZMTheme.SubWindow" />
132-->[:mobilertc] AndroidManifest.xml:86:13-53
133        <activity
133-->[:mobilertc] AndroidManifest.xml:87:9-90:56
134            android:name="com.zipow.videobox.CallInActivity"
134-->[:mobilertc] AndroidManifest.xml:88:13-61
135            android:configChanges="orientation|screenSize"
135-->[:mobilertc] AndroidManifest.xml:89:13-59
136            android:theme="@style/ZMTheme.SubWindow" />
136-->[:mobilertc] AndroidManifest.xml:90:13-53
137        <activity
137-->[:mobilertc] AndroidManifest.xml:91:9-95:70
138            android:name="com.zipow.videobox.SimpleActivity"
138-->[:mobilertc] AndroidManifest.xml:92:13-61
139            android:configChanges="orientation|screenSize"
139-->[:mobilertc] AndroidManifest.xml:93:13-59
140            android:theme="@style/ZMTheme.SubWindow"
140-->[:mobilertc] AndroidManifest.xml:94:13-53
141            android:windowSoftInputMode="stateHidden|adjustResize" />
141-->[:mobilertc] AndroidManifest.xml:95:13-67
142        <activity
142-->[:mobilertc] AndroidManifest.xml:96:9-100:70
143            android:name="com.zipow.videobox.SimpleInMeetingActivity"
143-->[:mobilertc] AndroidManifest.xml:97:13-70
144            android:configChanges="orientation|screenSize"
144-->[:mobilertc] AndroidManifest.xml:98:13-59
145            android:theme="@style/ZMTheme.SubWindow"
145-->[:mobilertc] AndroidManifest.xml:99:13-53
146            android:windowSoftInputMode="stateHidden|adjustResize" />
146-->[:mobilertc] AndroidManifest.xml:100:13-67
147        <activity
147-->[:mobilertc] AndroidManifest.xml:101:9-104:56
148            android:name="com.zipow.videobox.poll.PollingActivity"
148-->[:mobilertc] AndroidManifest.xml:102:13-67
149            android:configChanges="orientation|screenSize"
149-->[:mobilertc] AndroidManifest.xml:103:13-59
150            android:theme="@style/ZMTheme.SubWindow" />
150-->[:mobilertc] AndroidManifest.xml:104:13-53
151        <activity
151-->[:mobilertc] AndroidManifest.xml:105:9-108:56
152            android:name="com.zipow.videobox.poll.WebinarPollingActivity"
152-->[:mobilertc] AndroidManifest.xml:106:13-74
153            android:configChanges="orientation|screenSize"
153-->[:mobilertc] AndroidManifest.xml:107:13-59
154            android:theme="@style/ZMTheme.SubWindow" />
154-->[:mobilertc] AndroidManifest.xml:108:13-53
155        <activity
155-->[:mobilertc] AndroidManifest.xml:109:9-112:56
156            android:name="com.zipow.videobox.poll.PollingResultActivity"
156-->[:mobilertc] AndroidManifest.xml:110:13-73
157            android:configChanges="orientation|screenSize"
157-->[:mobilertc] AndroidManifest.xml:111:13-59
158            android:theme="@style/ZMTheme.SubWindow" />
158-->[:mobilertc] AndroidManifest.xml:112:13-53
159        <activity
159-->[:mobilertc] AndroidManifest.xml:113:9-116:56
160            android:name="com.zipow.videobox.poll.WebinarPollingResultActivity"
160-->[:mobilertc] AndroidManifest.xml:114:13-80
161            android:configChanges="orientation|screenSize"
161-->[:mobilertc] AndroidManifest.xml:115:13-59
162            android:theme="@style/ZMTheme.SubWindow" />
162-->[:mobilertc] AndroidManifest.xml:116:13-53
163        <activity
163-->[:mobilertc] AndroidManifest.xml:117:9-120:56
164            android:name="us.zoom.androidlib.app.ZMFileListActivity"
164-->[:mobilertc] AndroidManifest.xml:118:13-69
165            android:configChanges="orientation|screenSize"
165-->[:mobilertc] AndroidManifest.xml:119:13-59
166            android:theme="@style/ZMTheme.SubWindow" />
166-->[:mobilertc] AndroidManifest.xml:120:13-53
167
168        <service
168-->[:mobilertc] AndroidManifest.xml:122:9-125:51
169            android:name="com.zipow.videobox.kubi.KubiService"
169-->[:mobilertc] AndroidManifest.xml:123:13-63
170            android:exported="false"
170-->[:mobilertc] AndroidManifest.xml:124:13-37
171            android:label="@string/zm_app_name" />
171-->[:mobilertc] AndroidManifest.xml:125:13-48
172        <service
172-->[:mobilertc] AndroidManifest.xml:126:9-128:40
173            android:name="com.zipow.videobox.OnClearFromRecentService"
173-->[:mobilertc] AndroidManifest.xml:127:13-71
174            android:exported="false" />
174-->[:mobilertc] AndroidManifest.xml:128:13-37
175        <service
175-->[:mobilertc] AndroidManifest.xml:129:9-133:51
176            android:name="com.zipow.videobox.share.ScreenShareServiceForSDK"
176-->[:mobilertc] AndroidManifest.xml:130:13-77
177            android:exported="false"
177-->[:mobilertc] AndroidManifest.xml:131:13-37
178            android:foregroundServiceType="mediaProjection"
178-->[:mobilertc] AndroidManifest.xml:132:13-60
179            android:label="@string/zm_app_name" />
179-->[:mobilertc] AndroidManifest.xml:133:13-48
180
181        <activity
181-->[com.google.firebase:firebase-auth:19.3.0] AndroidManifest.xml:24:9-31:50
182            android:name="com.google.firebase.auth.internal.FederatedSignInActivity"
182-->[com.google.firebase:firebase-auth:19.3.0] AndroidManifest.xml:25:13-85
183            android:excludeFromRecents="true"
183-->[com.google.firebase:firebase-auth:19.3.0] AndroidManifest.xml:26:13-46
184            android:exported="true"
184-->[com.google.firebase:firebase-auth:19.3.0] AndroidManifest.xml:27:13-36
185            android:launchMode="singleTask"
185-->[com.google.firebase:firebase-auth:19.3.0] AndroidManifest.xml:28:13-44
186            android:permission="com.google.firebase.auth.api.gms.permission.LAUNCH_FEDERATED_SIGN_IN"
186-->[com.google.firebase:firebase-auth:19.3.0] AndroidManifest.xml:29:13-102
187            android:theme="@android:style/Theme.Translucent.NoTitleBar" />
187-->[com.google.firebase:firebase-auth:19.3.0] AndroidManifest.xml:30:13-72
188
189        <service
189-->[com.google.firebase:firebase-auth:19.3.0] AndroidManifest.xml:33:9-39:19
190            android:name="com.google.firebase.components.ComponentDiscoveryService"
190-->[com.google.firebase:firebase-auth:19.3.0] AndroidManifest.xml:34:13-84
191            android:directBootAware="true"
191-->[com.google.firebase:firebase-common:19.3.0] AndroidManifest.xml:34:13-43
192            android:exported="false" >
192-->[com.google.firebase:firebase-auth:19.3.0] AndroidManifest.xml:35:13-37
193            <meta-data
193-->[com.google.firebase:firebase-auth:19.3.0] AndroidManifest.xml:36:13-38:85
194                android:name="com.google.firebase.components:com.google.firebase.auth.FirebaseAuthRegistrar"
194-->[com.google.firebase:firebase-auth:19.3.0] AndroidManifest.xml:37:17-109
195                android:value="com.google.firebase.components.ComponentRegistrar" />
195-->[com.google.firebase:firebase-auth:19.3.0] AndroidManifest.xml:38:17-82
196            <meta-data
196-->[com.google.firebase:firebase-storage:19.1.1] AndroidManifest.xml:33:13-35:85
197                android:name="com.google.firebase.components:com.google.firebase.storage.StorageRegistrar"
197-->[com.google.firebase:firebase-storage:19.1.1] AndroidManifest.xml:34:17-107
198                android:value="com.google.firebase.components.ComponentRegistrar" />
198-->[com.google.firebase:firebase-storage:19.1.1] AndroidManifest.xml:35:17-82
199            <meta-data
199-->[com.google.firebase:firebase-database:19.2.1] AndroidManifest.xml:32:13-34:85
200                android:name="com.google.firebase.components:com.google.firebase.database.DatabaseRegistrar"
200-->[com.google.firebase:firebase-database:19.2.1] AndroidManifest.xml:33:17-109
201                android:value="com.google.firebase.components.ComponentRegistrar" />
201-->[com.google.firebase:firebase-database:19.2.1] AndroidManifest.xml:34:17-82
202            <meta-data
202-->[com.google.android.gms:play-services-measurement-api:17.3.0] AndroidManifest.xml:30:13-32:85
203                android:name="com.google.firebase.components:com.google.firebase.analytics.connector.internal.AnalyticsConnectorRegistrar"
203-->[com.google.android.gms:play-services-measurement-api:17.3.0] AndroidManifest.xml:31:17-139
204                android:value="com.google.firebase.components.ComponentRegistrar" />
204-->[com.google.android.gms:play-services-measurement-api:17.3.0] AndroidManifest.xml:32:17-82
205            <meta-data
205-->[com.google.firebase:firebase-iid:20.0.2] AndroidManifest.xml:32:13-34:85
206                android:name="com.google.firebase.components:com.google.firebase.iid.Registrar"
206-->[com.google.firebase:firebase-iid:20.0.2] AndroidManifest.xml:33:17-96
207                android:value="com.google.firebase.components.ComponentRegistrar" />
207-->[com.google.firebase:firebase-iid:20.0.2] AndroidManifest.xml:34:17-82
208        </service>
209
210        <receiver
210-->[com.google.android.gms:play-services-measurement:17.3.0] AndroidManifest.xml:29:9-33:20
211            android:name="com.google.android.gms.measurement.AppMeasurementReceiver"
211-->[com.google.android.gms:play-services-measurement:17.3.0] AndroidManifest.xml:30:13-85
212            android:enabled="true"
212-->[com.google.android.gms:play-services-measurement:17.3.0] AndroidManifest.xml:31:13-35
213            android:exported="false" >
213-->[com.google.android.gms:play-services-measurement:17.3.0] AndroidManifest.xml:32:13-37
214        </receiver>
215        <receiver
215-->[com.google.android.gms:play-services-measurement:17.3.0] AndroidManifest.xml:34:9-42:20
216            android:name="com.google.android.gms.measurement.AppMeasurementInstallReferrerReceiver"
216-->[com.google.android.gms:play-services-measurement:17.3.0] AndroidManifest.xml:35:13-100
217            android:enabled="true"
217-->[com.google.android.gms:play-services-measurement:17.3.0] AndroidManifest.xml:36:13-35
218            android:exported="true"
218-->[com.google.android.gms:play-services-measurement:17.3.0] AndroidManifest.xml:37:13-36
219            android:permission="android.permission.INSTALL_PACKAGES" >
219-->[com.google.android.gms:play-services-measurement:17.3.0] AndroidManifest.xml:38:13-69
220            <intent-filter>
220-->[com.google.android.gms:play-services-measurement:17.3.0] AndroidManifest.xml:39:13-41:29
221                <action android:name="com.android.vending.INSTALL_REFERRER" />
221-->[com.google.android.gms:play-services-measurement:17.3.0] AndroidManifest.xml:40:17-79
221-->[com.google.android.gms:play-services-measurement:17.3.0] AndroidManifest.xml:40:25-76
222            </intent-filter>
223        </receiver>
224
225        <service
225-->[com.google.android.gms:play-services-measurement:17.3.0] AndroidManifest.xml:44:9-47:40
226            android:name="com.google.android.gms.measurement.AppMeasurementService"
226-->[com.google.android.gms:play-services-measurement:17.3.0] AndroidManifest.xml:45:13-84
227            android:enabled="true"
227-->[com.google.android.gms:play-services-measurement:17.3.0] AndroidManifest.xml:46:13-35
228            android:exported="false" />
228-->[com.google.android.gms:play-services-measurement:17.3.0] AndroidManifest.xml:47:13-37
229        <service
229-->[com.google.android.gms:play-services-measurement:17.3.0] AndroidManifest.xml:48:9-52:72
230            android:name="com.google.android.gms.measurement.AppMeasurementJobService"
230-->[com.google.android.gms:play-services-measurement:17.3.0] AndroidManifest.xml:49:13-87
231            android:enabled="true"
231-->[com.google.android.gms:play-services-measurement:17.3.0] AndroidManifest.xml:50:13-35
232            android:exported="false"
232-->[com.google.android.gms:play-services-measurement:17.3.0] AndroidManifest.xml:51:13-37
233            android:permission="android.permission.BIND_JOB_SERVICE" />
233-->[com.google.android.gms:play-services-measurement:17.3.0] AndroidManifest.xml:52:13-69
234
235        <receiver
235-->[com.google.firebase:firebase-iid:20.0.2] AndroidManifest.xml:37:9-44:20
236            android:name="com.google.firebase.iid.FirebaseInstanceIdReceiver"
236-->[com.google.firebase:firebase-iid:20.0.2] AndroidManifest.xml:38:13-78
237            android:exported="true"
237-->[com.google.firebase:firebase-iid:20.0.2] AndroidManifest.xml:39:13-36
238            android:permission="com.google.android.c2dm.permission.SEND" >
238-->[com.google.firebase:firebase-iid:20.0.2] AndroidManifest.xml:40:13-73
239            <intent-filter>
239-->[com.google.firebase:firebase-iid:20.0.2] AndroidManifest.xml:41:13-43:29
240                <action android:name="com.google.android.c2dm.intent.RECEIVE" />
240-->[com.google.firebase:firebase-iid:20.0.2] AndroidManifest.xml:42:17-81
240-->[com.google.firebase:firebase-iid:20.0.2] AndroidManifest.xml:42:25-78
241            </intent-filter>
242        </receiver>
243
244        <activity
244-->[com.google.android.gms:play-services-base:17.1.0] AndroidManifest.xml:23:9-26:75
245            android:name="com.google.android.gms.common.api.GoogleApiActivity"
245-->[com.google.android.gms:play-services-base:17.1.0] AndroidManifest.xml:24:13-79
246            android:exported="false"
246-->[com.google.android.gms:play-services-base:17.1.0] AndroidManifest.xml:25:13-37
247            android:theme="@android:style/Theme.Translucent.NoTitleBar" />
247-->[com.google.android.gms:play-services-base:17.1.0] AndroidManifest.xml:26:13-72
248
249        <provider
249-->[com.google.firebase:firebase-common:19.3.0] AndroidManifest.xml:26:9-30:39
250            android:name="com.google.firebase.provider.FirebaseInitProvider"
250-->[com.google.firebase:firebase-common:19.3.0] AndroidManifest.xml:27:13-77
251            android:authorities="com.bluescreen.citizenapp.firebaseinitprovider"
251-->[com.google.firebase:firebase-common:19.3.0] AndroidManifest.xml:28:13-72
252            android:exported="false"
252-->[com.google.firebase:firebase-common:19.3.0] AndroidManifest.xml:29:13-37
253            android:initOrder="100" />
253-->[com.google.firebase:firebase-common:19.3.0] AndroidManifest.xml:30:13-36
254
255        <meta-data
255-->[com.google.android.gms:play-services-basement:17.0.0] AndroidManifest.xml:23:9-25:69
256            android:name="com.google.android.gms.version"
256-->[com.google.android.gms:play-services-basement:17.0.0] AndroidManifest.xml:24:13-58
257            android:value="@integer/google_play_services_version" />
257-->[com.google.android.gms:play-services-basement:17.0.0] AndroidManifest.xml:25:13-66
258
259        <provider
259-->[androidx.lifecycle:lifecycle-process:2.2.0] AndroidManifest.xml:25:9-29:43
260            android:name="androidx.lifecycle.ProcessLifecycleOwnerInitializer"
260-->[androidx.lifecycle:lifecycle-process:2.2.0] AndroidManifest.xml:26:13-79
261            android:authorities="com.bluescreen.citizenapp.lifecycle-process"
261-->[androidx.lifecycle:lifecycle-process:2.2.0] AndroidManifest.xml:27:13-69
262            android:exported="false"
262-->[androidx.lifecycle:lifecycle-process:2.2.0] AndroidManifest.xml:28:13-37
263            android:multiprocess="true" />
263-->[androidx.lifecycle:lifecycle-process:2.2.0] AndroidManifest.xml:29:13-40
264    </application>
265
266</manifest>